Copyright 1986-2022 Xilinx, Inc. All Rights Reserved.
-----------------------------------------------------------------------------------------------------------------------------
| Tool Version : Vivado v.2022.1 (win64) Build 3526262 Mon Apr 18 15:48:16 MDT 2022
| Date         : Tue Dec 17 17:53:17 2024
| Host         : DESKTOP-8DBAGAH running 64-bit major release  (build 9200)
| Command      : report_utilization -file design_1_wrapper_utilization_placed.rpt -pb design_1_wrapper_utilization_placed.pb
| Design       : design_1_wrapper
| Device       : xczu3eg-sbva484-1-e
| Speed File   : -1
| Design State : Fully Placed
-----------------------------------------------------------------------------------------------------------------------------

Utilization Design Information

Table of Contents
-----------------
1. CLB Logic
1.1 Summary of Registers by Type
2. CLB Logic Distribution
3. BLOCKRAM
4. ARITHMETIC
5. I/O
6. CLOCK
7. ADVANCED
8. CONFIGURATION
9. Primitives
10. Black Boxes
11. Instantiated Netlists

1. CLB Logic
------------

+----------------------------+------+-------+------------+-----------+-------+
|          Site Type         | Used | Fixed | Prohibited | Available | Util% |
+----------------------------+------+-------+------------+-----------+-------+
| CLB LUTs                   | 5675 |     0 |          0 |     70560 |  8.04 |
|   LUT as Logic             | 4811 |     0 |          0 |     70560 |  6.82 |
|   LUT as Memory            |  864 |     0 |          0 |     28800 |  3.00 |
|     LUT as Distributed RAM |   20 |     0 |            |           |       |
|     LUT as Shift Register  |  844 |     0 |            |           |       |
| CLB Registers              | 8663 |     0 |          0 |    141120 |  6.14 |
|   Register as Flip Flop    | 8663 |     0 |          0 |    141120 |  6.14 |
|   Register as Latch        |    0 |     0 |          0 |    141120 |  0.00 |
| CARRY8                     |  136 |     0 |          0 |      8820 |  1.54 |
| F7 Muxes                   |  272 |     0 |          0 |     35280 |  0.77 |
| F8 Muxes                   |   75 |     0 |          0 |     17640 |  0.43 |
| F9 Muxes                   |    0 |     0 |          0 |      8820 |  0.00 |
+----------------------------+------+-------+------------+-----------+-------+


1.1 Summary of Registers by Type
--------------------------------

+-------+--------------+-------------+--------------+
| Total | Clock Enable | Synchronous | Asynchronous |
+-------+--------------+-------------+--------------+
| 0     |            _ |           - |            - |
| 0     |            _ |           - |          Set |
| 0     |            _ |           - |        Reset |
| 0     |            _ |         Set |            - |
| 0     |            _ |       Reset |            - |
| 0     |          Yes |           - |            - |
| 41    |          Yes |           - |          Set |
| 236   |          Yes |           - |        Reset |
| 56    |          Yes |         Set |            - |
| 8330  |          Yes |       Reset |            - |
+-------+--------------+-------------+--------------+


2. CLB Logic Distribution
-------------------------

+--------------------------------------------+------+-------+------------+-----------+-------+
|                  Site Type                 | Used | Fixed | Prohibited | Available | Util% |
+--------------------------------------------+------+-------+------------+-----------+-------+
| CLB                                        | 1255 |     0 |          0 |      8820 | 14.23 |
|   CLBL                                     |  798 |     0 |            |           |       |
|   CLBM                                     |  457 |     0 |            |           |       |
| LUT as Logic                               | 4811 |     0 |          0 |     70560 |  6.82 |
|   using O5 output only                     |  112 |       |            |           |       |
|   using O6 output only                     | 3586 |       |            |           |       |
|   using O5 and O6                          | 1113 |       |            |           |       |
| LUT as Memory                              |  864 |     0 |          0 |     28800 |  3.00 |
|   LUT as Distributed RAM                   |   20 |     0 |            |           |       |
|     using O5 output only                   |    0 |       |            |           |       |
|     using O6 output only                   |    0 |       |            |           |       |
|     using O5 and O6                        |   20 |       |            |           |       |
|   LUT as Shift Register                    |  844 |     0 |            |           |       |
|     using O5 output only                   |    0 |       |            |           |       |
|     using O6 output only                   |  109 |       |            |           |       |
|     using O5 and O6                        |  735 |       |            |           |       |
| CLB Registers                              | 8663 |     0 |          0 |    141120 |  6.14 |
|   Register driven from within the CLB      | 4114 |       |            |           |       |
|   Register driven from outside the CLB     | 4549 |       |            |           |       |
|     LUT in front of the register is unused | 3006 |       |            |           |       |
|     LUT in front of the register is used   | 1543 |       |            |           |       |
| Unique Control Sets                        |  394 |       |          0 |     17640 |  2.23 |
+--------------------------------------------+------+-------+------------+-----------+-------+
* * Note: Available Control Sets calculated as Slices * 2, Review the Control Sets Report for more information regarding control sets.


3. BLOCKRAM
-----------

+-------------------+------+-------+------------+-----------+-------+
|     Site Type     | Used | Fixed | Prohibited | Available | Util% |
+-------------------+------+-------+------------+-----------+-------+
| Block RAM Tile    | 16.5 |     0 |          0 |       216 |  7.64 |
|   RAMB36/FIFO*    |   16 |     0 |          0 |       216 |  7.41 |
|     RAMB36E2 only |   16 |       |            |           |       |
|   RAMB18          |    1 |     0 |          0 |       432 |  0.23 |
|     RAMB18E2 only |    1 |       |            |           |       |
+-------------------+------+-------+------------+-----------+-------+
* Note: Each Block RAM Tile only has one FIFO logic available and therefore can accommodate only one FIFO36E2 or one FIFO18E2. However, if a FIFO18E2 occupies a Block RAM Tile, that tile can still accommodate a RAMB18E2


4. ARITHMETIC
-------------

+----------------+------+-------+------------+-----------+-------+
|    Site Type   | Used | Fixed | Prohibited | Available | Util% |
+----------------+------+-------+------------+-----------+-------+
| DSPs           |   18 |     0 |          0 |       360 |  5.00 |
|   DSP48E2 only |   18 |       |            |           |       |
+----------------+------+-------+------------+-----------+-------+


5. I/O
------

+------------------+------+-------+------------+-----------+-------+
|     Site Type    | Used | Fixed | Prohibited | Available | Util% |
+------------------+------+-------+------------+-----------+-------+
| Bonded IOB       |   12 |    12 |          0 |        82 | 14.63 |
| HPIOB_M          |    6 |     6 |          0 |        26 | 23.08 |
|   INPUT          |    0 |       |            |           |       |
|   OUTPUT         |    6 |       |            |           |       |
|   BIDIR          |    0 |       |            |           |       |
| HPIOB_S          |    6 |     6 |          0 |        26 | 23.08 |
|   INPUT          |    0 |       |            |           |       |
|   OUTPUT         |    6 |       |            |           |       |
|   BIDIR          |    0 |       |            |           |       |
| HDIOB_M          |    0 |     0 |          0 |        12 |  0.00 |
| HDIOB_S          |    0 |     0 |          0 |        12 |  0.00 |
| HPIOB_SNGL       |    0 |     0 |          0 |         6 |  0.00 |
| HPIOBDIFFINBUF   |    0 |     0 |          0 |        72 |  0.00 |
| HPIOBDIFFOUTBUF  |    0 |     0 |          0 |        72 |  0.00 |
| HDIOBDIFFINBUF   |    0 |     0 |          0 |        48 |  0.00 |
| BITSLICE_CONTROL |    0 |     0 |          0 |        24 |  0.00 |
| BITSLICE_RX_TX   |    0 |     0 |          0 |       936 |  0.00 |
| BITSLICE_TX      |    0 |     0 |          0 |        24 |  0.00 |
| RIU_OR           |    0 |     0 |          0 |        12 |  0.00 |
+------------------+------+-------+------------+-----------+-------+


6. CLOCK
--------

+----------------------+------+-------+------------+-----------+-------+
|       Site Type      | Used | Fixed | Prohibited | Available | Util% |
+----------------------+------+-------+------------+-----------+-------+
| GLOBAL CLOCK BUFFERs |    2 |     0 |          0 |       196 |  1.02 |
|   BUFGCE             |    1 |     0 |          0 |        88 |  1.14 |
|   BUFGCE_DIV         |    0 |     0 |          0 |        12 |  0.00 |
|   BUFG_PS            |    1 |     0 |          0 |        72 |  1.39 |
|   BUFGCTRL*          |    0 |     0 |          0 |        24 |  0.00 |
| PLL                  |    0 |     0 |          0 |         6 |  0.00 |
| MMCM                 |    0 |     0 |          0 |         3 |  0.00 |
+----------------------+------+-------+------------+-----------+-------+
* Note: Each used BUFGCTRL counts as two GLOBAL CLOCK BUFFERs. This table does not include global clocking resources, only buffer cell usage. See the Clock Utilization Report (report_clock_utilization) for detailed accounting of global clocking resource availability.


7. ADVANCED
-----------

+-----------+------+-------+------------+-----------+--------+
| Site Type | Used | Fixed | Prohibited | Available |  Util% |
+-----------+------+-------+------------+-----------+--------+
| PS8       |    1 |     0 |          0 |         1 | 100.00 |
| SYSMONE4  |    0 |     0 |          0 |         1 |   0.00 |
+-----------+------+-------+------------+-----------+--------+


8. CONFIGURATION
----------------

+-------------+------+-------+------------+-----------+-------+
|  Site Type  | Used | Fixed | Prohibited | Available | Util% |
+-------------+------+-------+------------+-----------+-------+
| BSCANE2     |    1 |     0 |          0 |         4 | 25.00 |
| DNA_PORTE2  |    0 |     0 |          0 |         1 |  0.00 |
| EFUSE_USR   |    0 |     0 |          0 |         1 |  0.00 |
| FRAME_ECCE4 |    0 |     0 |          0 |         1 |  0.00 |
| ICAPE3      |    0 |     0 |          0 |         2 |  0.00 |
| MASTER_JTAG |    0 |     0 |          0 |         1 |  0.00 |
| STARTUPE3   |    0 |     0 |          0 |         1 |  0.00 |
+-------------+------+-------+------------+-----------+-------+


9. Primitives
-------------

+----------+------+---------------------+
| Ref Name | Used | Functional Category |
+----------+------+---------------------+
| FDRE     | 8330 |            Register |
| LUT6     | 2416 |                 CLB |
| LUT4     | 1032 |                 CLB |
| SRL16E   | 1028 |                 CLB |
| LUT2     | 1024 |                 CLB |
| LUT3     |  717 |                 CLB |
| LUT5     |  607 |                 CLB |
| SRLC32E  |  547 |                 CLB |
| MUXF7    |  272 |                 CLB |
| FDCE     |  236 |            Register |
| CARRY8   |  136 |                 CLB |
| LUT1     |  128 |                 CLB |
| MUXF8    |   75 |                 CLB |
| FDSE     |   56 |            Register |
| FDPE     |   41 |            Register |
| RAMD32   |   36 |                 CLB |
| DSP48E2  |   18 |          Arithmetic |
| RAMB36E2 |   16 |            BLOCKRAM |
| OBUF     |   12 |                 I/O |
| SRLC16E  |    4 |                 CLB |
| RAMS32   |    4 |                 CLB |
| RAMB18E2 |    1 |            BLOCKRAM |
| PS8      |    1 |            Advanced |
| BUFG_PS  |    1 |               Clock |
| BUFGCE   |    1 |               Clock |
| BSCANE2  |    1 |       Configuration |
+----------+------+---------------------+


10. Black Boxes
---------------

+----------+------+
| Ref Name | Used |
+----------+------+


11. Instantiated Netlists
-------------------------

+------------------------------------+------+
|              Ref Name              | Used |
+------------------------------------+------+
| u_ila_0                            |    1 |
| design_1_zynq_ultra_ps_e_0_0       |    1 |
| design_1_system_ila_0_0            |    1 |
| design_1_seven_seg_0_1             |    1 |
| design_1_rst_ps8_0_100M_0          |    1 |
| design_1_multadder_0_0             |    1 |
| design_1_axi_smc_0                 |    1 |
| design_1_axi_lite_template_top_0_0 |    1 |
| dbg_hub                            |    1 |
+------------------------------------+------+


